<?xml version="1.0" encoding="utf-8"?><testsuites name="pytest tests"><testsuite name="pytest" errors="0" failures="0" skipped="2" tests="21" time="4.065" timestamp="2026-06-10T01:44:20.044837+00:00" hostname="agent-env-7189410b-f4df-45a5-9ac5-92e5dbbad87d"><testcase classname="tests.test_phase2_chat_stripe.TestAuthRegressions" name="test_google_invalid_token_401" time="0.440" /><testcase classname="tests.test_phase2_chat_stripe.TestAuthRegressions" name="test_apple_malformed_token_400" time="0.049" /><testcase classname="tests.test_phase2_chat_stripe.TestConversations" name="test_officer_conversations_includes_applied_shift" time="0.720" /><testcase classname="tests.test_phase2_chat_stripe.TestConversations" name="test_company_conversations_includes_own_shift" time="0.053" /><testcase classname="tests.test_phase2_chat_stripe.TestConversations" name="test_get_messages_forbidden_for_outsider" time="0.328" /><testcase classname="tests.test_phase2_chat_stripe.TestConversations" name="test_get_messages_ok_for_participant" time="0.060" /><testcase classname="tests.test_phase2_chat_stripe.TestConversations" name="test_post_message_empty_400" time="0.061" /><testcase classname="tests.test_phase2_chat_stripe.TestConversations" name="test_post_message_stores_and_returns" time="0.132" /><testcase classname="tests.test_phase2_chat_stripe.TestWebSocketChat" name="test_ws_bad_token_closes_4401" time="0.223" /><testcase classname="tests.test_phase2_chat_stripe.TestWebSocketChat" name="test_ws_valid_token_broadcasts" time="0.484" /><testcase classname="tests.test_phase2_chat_stripe.TestStripeCheckout" name="test_checkout_rejects_officer" time="0.132" /><testcase classname="tests.test_phase2_chat_stripe.TestStripeCheckout" name="test_checkout_rejects_other_company" time="0.053" /><testcase classname="tests.test_phase2_chat_stripe.TestStripeCheckout" name="test_checkout_owner_ok_or_stripe_unavailable" time="0.292"><skipped type="pytest.skip" message="Stripe API key invalid/unavailable in env: {&quot;detail&quot;:&quot;Stripe error: Invalid API Key provided: sk_test_****gent&quot;}">/app/backend/tests/test_phase2_chat_stripe.py:216: Stripe API key invalid/unavailable in env: {"detail":"Stripe error: Invalid API Key provided: sk_test_****gent"}</skipped></testcase><testcase classname="tests.test_phase2_chat_stripe.TestStripeConnect" name="test_onboard_rejects_company" time="0.055" /><testcase classname="tests.test_phase2_chat_stripe.TestStripeConnect" name="test_onboard_officer_ok_or_unavailable" time="0.091"><skipped type="pytest.skip" message="Stripe unavailable: {&quot;detail&quot;:&quot;Stripe error: Invalid API Key provided: sk_test_****gent&quot;}">/app/backend/tests/test_phase2_chat_stripe.py:239: Stripe unavailable: {"detail":"Stripe error: Invalid API Key provided: sk_test_****gent"}</skipped></testcase><testcase classname="tests.test_phase2_chat_stripe.TestStripeConnect" name="test_status_for_officer" time="0.053" /><testcase classname="tests.test_phase2_chat_stripe.TestCompleteShiftGating" name="test_complete_rejects_when_unpaid" time="0.051" /><testcase classname="tests.test_phase2_chat_stripe.TestStripeWebhook" name="test_fake_checkout_completed_marks_paid" time="0.290" /><testcase classname="tests.test_phase2_chat_stripe.TestLocationOverride" name="test_patch_location_persists" time="0.104" /><testcase classname="tests.test_phase2_chat_stripe.TestShiftPostedByRatings" name="test_shifts_include_posted_by_rating_when_rated" time="0.235" /><testcase classname="tests.test_phase2_chat_stripe.TestShiftPostedByRatings" name="test_unrated_shift_has_null_rating" time="0.067" /></testsuite></testsuites>