<?xml version="1.0" encoding="utf-8"?><testsuites name="pytest tests"><testsuite name="pytest" errors="0" failures="0" skipped="0" tests="22" time="3.247" timestamp="2026-06-10T01:04:44.027010+00:00" hostname="agent-env-7189410b-f4df-45a5-9ac5-92e5dbbad87d"><testcase classname="backend.tests.test_flexofficers_api.TestHealth" name="test_root" time="0.318" /><testcase classname="backend.tests.test_flexofficers_api.TestAuth" name="test_register_officer" time="0.295" /><testcase classname="backend.tests.test_flexofficers_api.TestAuth" name="test_register_company" time="0.285" /><testcase classname="backend.tests.test_flexofficers_api.TestAuth" name="test_register_duplicate_rejected" time="0.062" /><testcase classname="backend.tests.test_flexofficers_api.TestAuth" name="test_login_success" time="0.288" /><testcase classname="backend.tests.test_flexofficers_api.TestAuth" name="test_login_wrong_password" time="0.283" /><testcase classname="backend.tests.test_flexofficers_api.TestAuth" name="test_me_with_token" time="0.063" /><testcase classname="backend.tests.test_flexofficers_api.TestAuth" name="test_me_without_token" time="0.191" /><testcase classname="backend.tests.test_flexofficers_api.TestShifts" name="test_list_shifts" time="0.064" /><testcase classname="backend.tests.test_flexofficers_api.TestShifts" name="test_filter_open" time="0.060" /><testcase classname="backend.tests.test_flexofficers_api.TestShifts" name="test_filter_filling_fast" time="0.060" /><testcase classname="backend.tests.test_flexofficers_api.TestShifts" name="test_filter_all" time="0.066" /><testcase classname="backend.tests.test_flexofficers_api.TestShifts" name="test_get_shift_by_id" time="0.133" /><testcase classname="backend.tests.test_flexofficers_api.TestShifts" name="test_get_shift_not_found" time="0.072" /><testcase classname="backend.tests.test_flexofficers_api.TestShiftCreation" name="test_company_can_create" time="0.129" /><testcase classname="backend.tests.test_flexofficers_api.TestShiftCreation" name="test_officer_cannot_create" time="0.061" /><testcase classname="backend.tests.test_flexofficers_api.TestShiftCreation" name="test_shifts_mine_company" time="0.062" /><testcase classname="backend.tests.test_flexofficers_api.TestApply" name="test_officer_apply" time="0.217" /><testcase classname="backend.tests.test_flexofficers_api.TestApply" name="test_company_cannot_apply" time="0.126" /><testcase classname="backend.tests.test_flexofficers_api.TestApply" name="test_applications_me" time="0.063" /><testcase classname="backend.tests.test_flexofficers_api.TestMessages" name="test_messages_requires_auth" time="0.109" /><testcase classname="backend.tests.test_flexofficers_api.TestMessages" name="test_messages_returns_stub" time="0.063" /></testsuite></testsuites>