<?xml version="1.0" encoding="utf-8"?><testsuites name="pytest tests"><testsuite name="pytest" errors="0" failures="0" skipped="0" tests="37" time="5.005" timestamp="2026-06-10T01:24:22.870226+00:00" hostname="agent-env-7189410b-f4df-45a5-9ac5-92e5dbbad87d"><testcase classname="backend.tests.test_flexofficers_api.TestHealth" name="test_root" time="0.115" /><testcase classname="backend.tests.test_flexofficers_api.TestAuth" name="test_register_officer" time="0.287" /><testcase classname="backend.tests.test_flexofficers_api.TestAuth" name="test_register_company" time="0.282" /><testcase classname="backend.tests.test_flexofficers_api.TestAuth" name="test_register_duplicate_rejected" time="0.058" /><testcase classname="backend.tests.test_flexofficers_api.TestAuth" name="test_login_success" time="0.282" /><testcase classname="backend.tests.test_flexofficers_api.TestAuth" name="test_login_wrong_password" time="0.284" /><testcase classname="backend.tests.test_flexofficers_api.TestAuth" name="test_me_with_token" time="0.098" /><testcase classname="backend.tests.test_flexofficers_api.TestAuth" name="test_me_without_token" time="0.223" /><testcase classname="backend.tests.test_flexofficers_api.TestShifts" name="test_list_shifts" time="0.064" /><testcase classname="backend.tests.test_flexofficers_api.TestShifts" name="test_filter_open" time="0.058" /><testcase classname="backend.tests.test_flexofficers_api.TestShifts" name="test_filter_filling_fast" time="0.063" /><testcase classname="backend.tests.test_flexofficers_api.TestShifts" name="test_filter_all" time="0.061" /><testcase classname="backend.tests.test_flexofficers_api.TestShifts" name="test_get_shift_by_id" time="0.129" /><testcase classname="backend.tests.test_flexofficers_api.TestShifts" name="test_get_shift_not_found" time="0.059" /><testcase classname="backend.tests.test_flexofficers_api.TestShiftCreation" name="test_company_can_create" time="0.121" /><testcase classname="backend.tests.test_flexofficers_api.TestShiftCreation" name="test_officer_cannot_create" time="0.064" /><testcase classname="backend.tests.test_flexofficers_api.TestShiftCreation" name="test_shifts_mine_company" time="0.062" /><testcase classname="backend.tests.test_flexofficers_api.TestApply" name="test_officer_apply" time="0.187" /><testcase classname="backend.tests.test_flexofficers_api.TestApply" name="test_company_cannot_apply" time="0.134" /><testcase classname="backend.tests.test_flexofficers_api.TestApply" name="test_applications_me" time="0.062" /><testcase classname="backend.tests.test_flexofficers_api.TestMessages" name="test_messages_requires_auth" time="0.113" /><testcase classname="backend.tests.test_flexofficers_api.TestMessages" name="test_messages_returns_stub" time="0.061" /><testcase classname="backend.tests.test_flexofficers_api.TestGoogleAuth" name="test_invalid_session_token_returns_401" time="0.172" /><testcase classname="backend.tests.test_flexofficers_api.TestCities" name="test_cities_endpoint" time="0.066" /><testcase classname="backend.tests.test_flexofficers_api.TestCities" name="test_filter_by_city" time="0.061" /><testcase classname="backend.tests.test_flexofficers_api.TestCities" name="test_filter_all_cities_returns_all" time="0.073" /><testcase classname="backend.tests.test_flexofficers_api.TestGeoSort" name="test_seed_shifts_have_lat_lng" time="0.062" /><testcase classname="backend.tests.test_flexofficers_api.TestGeoSort" name="test_geo_sort_ascending" time="0.064" /><testcase classname="backend.tests.test_flexofficers_api.TestRatings" name="test_officer_rates_company_success" time="0.183" /><testcase classname="backend.tests.test_flexofficers_api.TestRatings" name="test_officer_rate_duplicate_rejected" time="0.063" /><testcase classname="backend.tests.test_flexofficers_api.TestRatings" name="test_officer_rate_wrong_ratee_rejected" time="0.061" /><testcase classname="backend.tests.test_flexofficers_api.TestRatings" name="test_officer_rate_without_applying_rejected" time="0.396" /><testcase classname="backend.tests.test_flexofficers_api.TestRatings" name="test_company_rates_officer_success" time="0.062" /><testcase classname="backend.tests.test_flexofficers_api.TestRatings" name="test_company_rate_other_shift_rejected" time="0.483" /><testcase classname="backend.tests.test_flexofficers_api.TestRatings" name="test_get_user_ratings" time="0.066" /><testcase classname="backend.tests.test_flexofficers_api.TestRatings" name="test_get_ratings_no_auth_required" time="0.186" /><testcase classname="backend.tests.test_flexofficers_api.TestRatings" name="test_get_ratings_nonexistent_user" time="0.062" /></testsuite></testsuites>